import time: self [us] | cumulative | imported package
import time:       107 |        107 |   _io
import time:        49 |         49 |   marshal
import time:       259 |        259 |   posix
import time:       267 |        681 | _frozen_importlib_external
import time:        86 |         86 |   time
import time:        98 |        184 | zipimport
import time:       124 |        124 |     _codecs
import time:       216 |        339 |   codecs
import time:       335 |        335 |   encodings.aliases
import time:       574 |       1246 | encodings
import time:       150 |        150 | encodings.utf_8
import time:        75 |         75 | _signal
import time:        25 |         25 |     _abc
import time:       100 |        124 |   abc
import time:       110 |        234 | io
import time:        29 |         29 |       _stat
import time:        73 |        101 |     stat
import time:       900 |        900 |     _collections_abc
import time:        24 |         24 |       genericpath
import time:        87 |        111 |     posixpath
import time:       379 |       1489 |   os
import time:        65 |         65 |   _sitebuiltins
import time:       691 |        691 |   _virtualenv
import time:       345 |        345 |   _distutils_hack
import time:       347 |        347 |   sitecustomize
import time:      1877 |       4811 | site
import time:       321 |        321 | __future__
import time:       227 |        227 |         types
import time:        68 |         68 |           _operator
import time:       319 |        387 |         operator
import time:       102 |        102 |             itertools
import time:       135 |        135 |             keyword
import time:       179 |        179 |             reprlib
import time:       145 |        145 |             _collections
import time:      1094 |       1652 |           collections
import time:        56 |         56 |           _functools
import time:       941 |       2648 |         functools
import time:      1840 |       5100 |       enum
import time:        77 |         77 |         _sre
import time:       185 |        185 |           re._constants
import time:       332 |        516 |         re._parser
import time:       113 |        113 |         re._casefix
import time:       433 |       1138 |       re._compiler
import time:       202 |        202 |       copyreg
import time:       510 |       6949 |     re
import time:       182 |       7131 |   fnmatch
import time:        57 |         57 |     _winapi
import time:        77 |         77 |     nt
import time:        58 |         58 |     nt
import time:        66 |         66 |     nt
import time:        58 |         58 |     nt
import time:        47 |         47 |     nt
import time:       196 |        557 |   ntpath
import time:       227 |        227 |   warnings
import time:        60 |         60 |   errno
import time:       109 |        109 |     urllib
import time:      1055 |       1055 |     ipaddress
import time:       940 |       2103 |   urllib.parse
import time:       841 |      10916 | pathlib
import time:       139 |        139 |   collections.abc
import time:       426 |        426 |   contextlib
import time:        45 |         45 |   _typing
import time:      1795 |       2405 | typing
import time:       129 |        129 |           concurrent
import time:       141 |        141 |                     token
import time:       720 |        861 |                   tokenize
import time:       144 |       1004 |                 linecache
import time:       706 |        706 |                 textwrap
import time:       426 |       2134 |               traceback
import time:       161 |        161 |                 _weakrefset
import time:       392 |        553 |               weakref
import time:        30 |         30 |                 _string
import time:       502 |        531 |               string
import time:       534 |        534 |               threading
import time:        27 |         27 |               atexit
import time:      1397 |       5173 |             logging
import time:       450 |       5623 |           concurrent.futures._base
import time:       235 |       5986 |         concurrent.futures
import time:        45 |         45 |           _heapq
import time:       161 |        205 |         heapq
import time:       121 |        121 |           _socket
import time:        58 |         58 |             math
import time:        45 |         45 |             select
import time:       427 |        529 |           selectors
import time:        63 |         63 |           array
import time:      1734 |       2445 |         socket
import time:        50 |         50 |             _locale
import time:       594 |        643 |           locale
import time:       444 |        444 |           signal
import time:        45 |         45 |           fcntl
import time:        63 |         63 |           msvcrt
import time:        26 |         26 |           _posixsubprocess
import time:       537 |       1756 |         subprocess
import time:       704 |        704 |           _ssl
import time:        42 |         42 |               _struct
import time:       167 |        209 |             struct
import time:        49 |         49 |             binascii
import time:       216 |        473 |           base64
import time:      2042 |       3218 |         ssl
import time:       176 |        176 |         asyncio.constants
import time:       666 |        666 |               _ast
import time:       819 |       1484 |             ast
import time:        22 |         22 |                 _opcode
import time:       286 |        308 |               opcode
import time:       574 |        881 |             dis
import time:       152 |        152 |               importlib
import time:        73 |        225 |             importlib.machinery
import time:      1350 |       3939 |           inspect
import time:       135 |       4073 |         asyncio.coroutines
import time:        44 |         44 |             _contextvars
import time:       140 |        183 |           contextvars
import time:       169 |        169 |           asyncio.format_helpers
import time:       112 |        112 |             asyncio.base_futures
import time:       141 |        141 |             asyncio.exceptions
import time:       115 |        115 |             asyncio.base_tasks
import time:       167 |        534 |           _asyncio
import time:       417 |       1302 |         asyncio.events
import time:       189 |        189 |         asyncio.futures
import time:       182 |        182 |         asyncio.protocols
import time:       205 |        205 |           asyncio.transports
import time:        93 |         93 |           asyncio.log
import time:       580 |        876 |         asyncio.sslproto
import time:        95 |         95 |             asyncio.mixins
import time:       635 |        635 |             asyncio.tasks
import time:       396 |       1126 |           asyncio.locks
import time:       266 |       1391 |         asyncio.staggered
import time:       125 |        125 |         asyncio.trsock
import time:      1140 |      23058 |       asyncio.base_events
import time:       224 |        224 |       asyncio.runners
import time:       186 |        186 |       asyncio.queues
import time:       276 |        276 |       asyncio.streams
import time:       220 |        220 |       asyncio.subprocess
import time:       133 |        133 |       asyncio.taskgroups
import time:       349 |        349 |       asyncio.timeouts
import time:       122 |        122 |       asyncio.threads
import time:       173 |        173 |         asyncio.base_subprocess
import time:       505 |        505 |         asyncio.selector_events
import time:       574 |       1251 |       asyncio.unix_events
import time:       418 |      26234 |     asyncio
import time:        41 |         41 |           _json
import time:       300 |        341 |         json.scanner
import time:       319 |        659 |       json.decoder
import time:       277 |        277 |       json.encoder
import time:       209 |       1144 |     json
import time:       248 |        248 |     shlex
import time:        52 |         52 |             org
import time:        42 |         94 |           org.python
import time:        15 |        108 |         org.python.core
import time:       142 |        250 |       copy
import time:       639 |        639 |         fire.docstrings
import time:       184 |        822 |       fire.inspectutils
import time:       170 |       1240 |     fire.completion
import time:       113 |        113 |     fire.decorators
import time:       188 |        188 |           _ctypes
import time:       211 |        211 |           ctypes._endian
import time:       791 |       1189 |         ctypes
import time:      2318 |       2318 |         platform
import time:        75 |         75 |         colorama
import time:       223 |       3803 |       fire.formatting_windows
import time:       183 |        183 |         termcolor.termcolor
import time:       166 |        348 |       termcolor
import time:       136 |       4286 |     fire.formatting
import time:       100 |        100 |       fire.custom_descriptions
import time:       134 |        134 |       fire.value_types
import time:       344 |        576 |     fire.helptext
import time:        98 |         98 |     fire.interact
import time:       592 |        592 |         gettext
import time:      1067 |       1659 |       argparse
import time:       177 |       1836 |     fire.parser
import time:       139 |        139 |     fire.trace
import time:       130 |        130 |     fire.console
import time:        40 |         40 |         unicodedata
import time:        95 |         95 |           fire.console.encoding
import time:       200 |        294 |         fire.console.console_attr_os
import time:       364 |        364 |         fire.console.text
import time:       463 |       1159 |       fire.console.console_attr
import time:       155 |        155 |       fire.console.console_pager
import time:       354 |        354 |         fire.console.platforms
import time:       135 |        489 |       fire.console.files
import time:       225 |       2027 |     fire.console.console_io
import time:       576 |      38641 |   fire.core
import time:       165 |      38806 | fire
import time:       148 |        148 |       importlib._abc
import time:       122 |        269 |     importlib.util
import time:       269 |        538 |   lazy_loader
import time:       238 |        238 |               atria_logger._constants
import time:       109 |        109 |                 atria_logger._filters
import time:       124 |        124 |                         _datetime
import time:      1075 |       1199 |                       datetime
import time:       309 |        309 |                           numbers
import time:       377 |        685 |                         _decimal
import time:       157 |        841 |                       decimal
import time:        57 |         57 |                           zlib
import time:       195 |        195 |                             _compression
import time:        46 |         46 |                             _bz2
import time:       275 |        515 |                           bz2
import time:        50 |         50 |                             _lzma
import time:       322 |        371 |                           lzma
import time:      1177 |       2118 |                         shutil
import time:      1464 |       1464 |                             html.entities
import time:       396 |       1860 |                           html
import time:       379 |        379 |                           _markupbase
import time:      4391 |       6629 |                         html.parser
import time:       307 |       9052 |                       humanfriendly.compat
import time:        32 |         32 |                               _bisect
import time:       136 |        168 |                             bisect
import time:        41 |         41 |                             _random
import time:        32 |         32 |                             _sha512
import time:       379 |        619 |                           random
import time:       285 |        903 |                         humanfriendly.text
import time:       406 |       1309 |                       humanfriendly.deprecation
import time:       546 |      12945 |                     humanfriendly
import time:       138 |        138 |                       termios
import time:       116 |        116 |                       humanfriendly.decorators
import time:        47 |         47 |                           _csv
import time:       341 |        388 |                         csv
import time:       509 |        896 |                       humanfriendly.usage
import time:       430 |       1579 |                     humanfriendly.terminal
import time:       982 |      15505 |                   coloredlogs
import time:       203 |      15707 |                 atria_logger._utilities
import time:       451 |      16266 |               atria_logger._root
import time:       243 |      16746 |             atria_logger._api
import time:       142 |      16888 |           atria_logger
import time:       294 |        294 |             atria_types
import time:       226 |        519 |           atria_types._constants
import time:        98 |         98 |             atria_types._utilities
import time:       260 |        358 |           atria_types._utilities._repr
import time:      2538 |       2538 |                     typing_extensions
import time:      1089 |       1089 |                     pydantic_core._pydantic_core
import time:      8664 |       8664 |                     pydantic_core.core_schema
import time:       620 |      12909 |                   pydantic_core
import time:       165 |      13074 |                 pydantic.version
import time:       250 |      13323 |               pydantic.warnings
import time:       353 |      13675 |             pydantic._migration
import time:       134 |        134 |                 typing_inspection
import time:       872 |        872 |                 dataclasses
import time:      1127 |       1127 |                 typing_inspection.typing_objects
import time:       790 |       2922 |               typing_inspection.introspection
import time:       178 |        178 |               pydantic._internal
import time:       346 |        346 |                   pydantic._internal._namespace_utils
import time:       460 |        806 |                 pydantic._internal._typing_extra
import time:       239 |       1045 |               pydantic._internal._repr
import time:       417 |       4561 |             pydantic.errors
import time:       355 |      18590 |           pydantic
import time:       140 |        140 |               pydantic._internal._internal_dataclass
import time:       960 |       1100 |             pydantic.aliases
import time:       733 |        733 |             pydantic.config
import time:       305 |       2137 |           pydantic._internal._config
import time:       197 |        197 |             pydantic._internal._core_utils
import time:       104 |        104 |               pydantic._internal._import_utils
import time:      1503 |       1607 |             pydantic._internal._utils
import time:      2789 |       4593 |           pydantic._internal._decorators
import time:       322 |        322 |               pydantic._internal._forward_ref
import time:       334 |        656 |             pydantic._internal._generics
import time:       158 |        158 |             pydantic._internal._docs_extraction
import time:       339 |       1152 |           pydantic._internal._fields
import time:       384 |        384 |               pydantic.plugin
import time:       242 |        626 |             pydantic.plugin._schema_validator
import time:       306 |        931 |           pydantic._internal._mock_val_ser
import time:       629 |        629 |               fractions
import time:        27 |         27 |                 _uuid
import time:       374 |        401 |               uuid
import time:       744 |        744 |                   sysconfig
import time:       436 |        436 |                   _sysconfigdata__linux_x86_64-linux-gnu
import time:       433 |       1613 |                 zoneinfo._tzpath
import time:       135 |        135 |                 zoneinfo._common
import time:        52 |         52 |                 _zoneinfo
import time:       194 |       1993 |               zoneinfo
import time:       121 |        121 |               pydantic.annotated_handlers
import time:      2596 |       2596 |               pydantic.functional_validators
import time:       191 |        191 |                 pydantic._internal._core_metadata
import time:       185 |        185 |                 pydantic._internal._schema_generation_shared
import time:      1734 |       2108 |               pydantic.json_schema
import time:       176 |        176 |               pydantic._internal._discriminated_union
import time:       236 |        236 |               pydantic._internal._known_annotated_metadata
import time:       421 |        421 |               pydantic._internal._schema_gather
import time:      1504 |      10181 |             pydantic._internal._generate_schema
import time:       129 |        129 |             pydantic._internal._signature
import time:       544 |      10853 |           pydantic._internal._model_construction
import time:       157 |        157 |               rich._extension
import time:       279 |        435 |             rich
import time:       251 |        251 |             rich.repr
import time:       110 |        110 |                 attr._compat
import time:        84 |         84 |                   attr._config
import time:       152 |        152 |                     attr.exceptions
import time:       147 |        298 |                   attr.setters
import time:      2921 |       3302 |                 attr._make
import time:       301 |       3712 |               attr.converters
import time:       102 |        102 |               attr.filters
import time:      2968 |       2968 |               attr.validators
import time:       104 |        104 |               attr._cmp
import time:       119 |        119 |               attr._funcs
import time:       144 |        144 |               attr._next_gen
import time:       526 |        526 |               attr._version_info
import time:       421 |       8093 |             attr
import time:       149 |        149 |             rich._loop
import time:       129 |        129 |             rich._pick
import time:       109 |        109 |             rich.abc
import time:       707 |        707 |               rich._cell_widths
import time:       505 |       1211 |             rich.cells
import time:       263 |        263 |                 rich._wrap
import time:       203 |        203 |                             _compat_pickle
import time:        87 |         87 |                             _pickle
import time:        61 |         61 |                                 org
import time:        38 |         98 |                               org.python
import time:        18 |        115 |                             org.python.core
import time:       912 |       1317 |                           pickle
import time:       190 |        190 |                           rich.errors
import time:        99 |         99 |                             colorsys
import time:       371 |        371 |                                 rich.color_triplet
import time:       199 |        569 |                               rich.palette
import time:       214 |        783 |                             rich._palettes
import time:       160 |        160 |                             rich.terminal_theme
import time:       896 |       1937 |                           rich.color
import time:       673 |       4115 |                         rich.style
import time:       821 |       4936 |                       rich.segment
import time:       172 |       5107 |                     rich.jupyter
import time:        82 |         82 |                       rich.protocol
import time:       272 |        354 |                     rich.measure
import time:       164 |       5624 |                   rich.constrain
import time:       355 |       5978 |                 rich.align
import time:       368 |        368 |                 rich.containers
import time:       305 |        305 |                 rich.control
import time:      2384 |       2384 |                   rich._emoji_codes
import time:       251 |        251 |                   rich._emoji_replace
import time:       277 |       2910 |                 rich.emoji
import time:      1133 |      10956 |               rich.text
import time:       268 |      11223 |             rich.highlighter
import time:      1807 |      23403 |           rich.pretty
import time:       608 |        608 |               _hashlib
import time:        39 |         39 |               _blake2
import time:       264 |        911 |             hashlib
import time:      1560 |       2471 |           atria_registry._utilities
import time:      5325 |       5325 |             annotated_types
import time:       301 |        301 |             pydantic._internal._validators
import time:      4374 |       4374 |             pydantic.types
import time:      1516 |      11515 |           pydantic.fields
import time:       117 |        117 |               email
import time:      1499 |       1499 |               zipfile
import time:       172 |        172 |                   quopri
import time:       442 |        442 |                       calendar
import time:       187 |        629 |                     email._parseaddr
import time:       103 |        103 |                       email.base64mime
import time:       189 |        189 |                       email.quoprimime
import time:       357 |        357 |                       email.errors
import time:       106 |        106 |                       email.encoders
import time:       357 |       1109 |                     email.charset
import time:       330 |       2067 |                   email.utils
import time:       443 |        443 |                     email.header
import time:       312 |        755 |                   email._policybase
import time:       190 |        190 |                   email._encoded_words
import time:       115 |        115 |                   email.iterators
import time:       656 |       3953 |                 email.message
import time:        92 |         92 |                   importlib.metadata._functools
import time:       210 |        302 |                 importlib.metadata._text
import time:       246 |       4499 |               importlib.metadata._adapters
import time:       219 |        219 |               importlib.metadata._meta
import time:       236 |        236 |               importlib.metadata._collections
import time:       103 |        103 |               importlib.metadata._itertools
import time:       514 |        514 |                       tempfile
import time:       222 |        222 |                       importlib.resources.abc
import time:       253 |        253 |                       importlib.resources._adapters
import time:       271 |       1258 |                     importlib.resources._common
import time:       140 |        140 |                     importlib.resources._legacy
import time:       152 |       1550 |                   importlib.resources
import time:        15 |       1564 |                 importlib.resources.abc
import time:       284 |       1848 |               importlib.abc
import time:      1240 |       9757 |             importlib.metadata
import time:       139 |       9895 |           pydantic.plugin._loader
import time:      7745 |     111042 |         atria_registry._module_base
import time:       767 |        767 |         atria_registry._module_builder
import time:       162 |        162 |         atria_registry._module_registry
import time:       219 |        219 |             yaml.error
import time:       243 |        243 |             yaml.tokens
import time:       451 |        451 |             yaml.events
import time:       136 |        136 |             yaml.nodes
import time:      3796 |       3796 |               yaml.reader
import time:       422 |        422 |               yaml.scanner
import time:       247 |        247 |               yaml.parser
import time:       131 |        131 |               yaml.composer
import time:       698 |        698 |               yaml.constructor
import time:      1102 |       1102 |               yaml.resolver
import time:       403 |       6797 |             yaml.loader
import time:       279 |        279 |               yaml.emitter
import time:       188 |        188 |               yaml.serializer
import time:       294 |        294 |               yaml.representer
import time:       232 |        992 |             yaml.dumper
import time:       376 |        376 |               yaml._yaml
import time:       270 |        646 |             yaml.cyaml
import time:       511 |       9991 |           yaml
import time:       153 |        153 |           atria_registry._common
import time:       811 |      10955 |         atria_registry._registry_group
import time:       247 |     123172 |       atria_registry
import time:       136 |        136 |               atria_datasets.core.dataset
import time:        63 |         63 |                 atria_types._base
import time:        41 |         41 |                   gc
import time:       240 |        240 |                   pyarrow._generated_version
import time:       102 |        102 |                           numpy._utils._convertions
import time:       142 |        243 |                         numpy._utils
import time:       276 |        519 |                       numpy._globals
import time:       162 |        162 |                       numpy.exceptions
import time:        83 |         83 |                       numpy.version
import time:        33 |         33 |                         numpy._distributor_init_local
import time:       121 |        153 |                       numpy._distributor_init
import time:       254 |        254 |                                 numpy._utils._inspect
import time:       353 |        353 |                                   numpy.core._exceptions
import time:       243 |        243 |                                   numpy.dtypes
import time:      8623 |       9219 |                                 numpy.core._multiarray_umath
import time:       338 |       9810 |                               numpy.core.overrides
import time:       623 |      10433 |                             numpy.core.multiarray
import time:       178 |        178 |                             numpy.core.umath
import time:       125 |        125 |                               numpy.core._string_helpers
import time:        79 |         79 |                                     pickle5
import time:       336 |        414 |                                   numpy.compat.py3k
import time:       458 |        872 |                                 numpy.compat
import time:       319 |        319 |                                 numpy.core._dtype
import time:       372 |       1562 |                               numpy.core._type_aliases
import time:       414 |       2099 |                             numpy.core.numerictypes
import time:       267 |        267 |                                     numpy.core._ufunc_config
import time:       266 |        533 |                                   numpy.core._methods
import time:      1377 |       1909 |                                 numpy.core.fromnumeric
import time:       376 |       2285 |                               numpy.core.shape_base
import time:       534 |        534 |                               numpy.core.arrayprint
import time:       154 |        154 |                               numpy.core._asarray
import time:      1154 |       4126 |                             numpy.core.numeric
import time:      1327 |       1327 |                             numpy.core.defchararray
import time:       294 |        294 |                             numpy.core.records
import time:       205 |        205 |                             numpy.core.memmap
import time:       211 |        211 |                             numpy.core.function_base
import time:       154 |        154 |                             numpy.core._machar
import time:       326 |        326 |                             numpy.core.getlimits
import time:       474 |        474 |                             numpy.core.einsumfunc
import time:       359 |        359 |                               numpy.core._multiarray_tests
import time:      2043 |       2402 |                             numpy.core._add_newdocs
import time:       350 |        350 |                             numpy.core._add_newdocs_scalars
import time:       128 |        128 |                             numpy.core._dtype_ctypes
import time:      4799 |       4799 |                             numpy.core._internal
import time:       128 |        128 |                             numpy._pytesttester
import time:      1106 |      28732 |                           numpy.core
import time:        50 |      28782 |                         numpy.core._multiarray_umath
import time:       350 |      29131 |                       numpy.__config__
import time:       348 |        348 |                         numpy.lib.mixins
import time:       140 |        140 |                             numpy.lib.ufunclike
import time:       295 |        435 |                           numpy.lib.type_check
import time:       302 |        736 |                         numpy.lib.scimath
import time:       195 |        195 |                                     numpy.lib.stride_tricks
import time:       384 |        578 |                                   numpy.lib.twodim_base
import time:       412 |        412 |                                   numpy.linalg._umath_linalg
import time:       275 |        275 |                                     numpy._typing._nested_sequence
import time:        99 |         99 |                                     numpy._typing._nbit
import time:       969 |        969 |                                     numpy._typing._char_codes
import time:       298 |        298 |                                     numpy._typing._scalars
import time:       137 |        137 |                                     numpy._typing._shape
import time:      1278 |       1278 |                                     numpy._typing._dtype_like
import time:      2122 |       2122 |                                     numpy._typing._array_like
import time:       776 |       5951 |                                   numpy._typing
import time:      1866 |       8806 |                                 numpy.linalg.linalg
import time:       593 |       9399 |                               numpy.linalg
import time:       307 |       9706 |                             numpy.matrixlib.defmatrix
import time:       222 |       9927 |                           numpy.matrixlib
import time:       264 |        264 |                             numpy.lib.histograms
import time:      1435 |       1698 |                           numpy.lib.function_base
import time:       477 |      12101 |                         numpy.lib.index_tricks
import time:       530 |        530 |                         numpy.lib.nanfunctions
import time:       365 |        365 |                         numpy.lib.shape_base
import time:       489 |        489 |                         numpy.lib.polynomial
import time:       768 |        768 |                         numpy.lib.utils
import time:       339 |        339 |                         numpy.lib.arraysetops
import time:       191 |        191 |                           numpy.lib.format
import time:       212 |        212 |                           numpy.lib._datasource
import time:       413 |        413 |                           numpy.lib._iotools
import time:       799 |       1614 |                         numpy.lib.npyio
import time:       173 |        173 |                         numpy.lib.arrayterator
import time:       257 |        257 |                         numpy.lib.arraypad
import time:       182 |        182 |                         numpy.lib._version
import time:       977 |      18872 |                       numpy.lib
import time:       227 |        227 |                           numpy.fft._pocketfft_internal
import time:       541 |        768 |                         numpy.fft._pocketfft
import time:       145 |        145 |                         numpy.fft.helper
import time:       248 |       1159 |                       numpy.fft
import time:       210 |        210 |                           numpy.polynomial.polyutils
import time:       508 |        508 |                           numpy.polynomial._polybase
import time:       626 |       1343 |                         numpy.polynomial.polynomial
import time:       447 |        447 |                         numpy.polynomial.chebyshev
import time:       463 |        463 |                         numpy.polynomial.legendre
import time:       371 |        371 |                         numpy.polynomial.hermite
import time:       350 |        350 |                         numpy.polynomial.hermite_e
import time:       837 |        837 |                         numpy.polynomial.laguerre
import time:       508 |       4316 |                       numpy.polynomial
import time:      1311 |       1311 |                                 backports_abc
import time:      1052 |       2362 |                               numpy.random._common
import time:       574 |        574 |                                 hmac
import time:       250 |        824 |                               secrets
import time:      1458 |       4643 |                             numpy.random.bit_generator
import time:       282 |        282 |                             numpy.random._bounded_integers
import time:       238 |        238 |                             numpy.random._mt19937
import time:      1660 |       6822 |                           numpy.random.mtrand
import time:       358 |        358 |                           numpy.random._philox
import time:       229 |        229 |                           numpy.random._pcg64
import time:       219 |        219 |                           numpy.random._sfc64
import time:      1176 |       1176 |                           numpy.random._generator
import time:       477 |       9279 |                         numpy.random._pickle
import time:       340 |       9619 |                       numpy.random
import time:       440 |        440 |                       numpy.ctypeslib
import time:      3737 |       3737 |                         numpy.ma.core
import time:      1075 |       1075 |                         numpy.ma.extras
import time:       388 |       5199 |                       numpy.ma
import time:      4597 |      74245 |                     numpy
import time:       177 |        177 |                       numpy._core
import time:       270 |        447 |                     numpy._core._multiarray_umath
import time:        92 |         92 |                     cloudpickle
import time:       183 |        183 |                     pyarrow.util
import time:        71 |         71 |                       _queue
import time:       466 |        536 |                     queue
import time:     25809 |     101310 |                   pyarrow.lib
import time:       232 |        232 |                   pyarrow.ipc
import time:       738 |        738 |                   pyarrow.types
import time:       546 |     103105 |                 pyarrow
import time:       103 |        103 |                   atria_types._base._ops
import time:       246 |        348 |                 atria_types._base._ops._table_serialization_utils
import time:       743 |     104257 |               atria_types._base._data_model
import time:       110 |        110 |               atria_types._data_instance._exceptions
import time:        71 |         71 |                 atria_types._data_instance._visualizers
import time:        61 |         61 |                   atria_types._generic
import time:       173 |        173 |                             PIL._version
import time:       193 |        366 |                           PIL
import time:      2646 |       2646 |                             PIL.ExifTags
import time:       325 |        325 |                             PIL.ImageMode
import time:       535 |        535 |                             PIL.TiffTags
import time:       116 |        116 |                             PIL._binary
import time:        98 |         98 |                             PIL._deprecate
import time:       103 |        103 |                             PIL._util
import time:        73 |         73 |                             defusedxml
import time:      1346 |       1346 |                             PIL._imaging
import time:      1905 |       7144 |                           PIL.Image
import time:       189 |       7698 |                         atria_types._utilities._image_encoding
import time:       664 |       8361 |                       atria_types._pydantic
import time:      1529 |       9889 |                     atria_types._generic._bounding_box
import time:       539 |        539 |                     atria_types._generic._label
import time:       805 |      11232 |                   atria_types._generic._annotated_object
import time:      1274 |       1274 |                   atria_types._generic._qa_pair
import time:      4272 |      16837 |                 atria_types._generic._annotations
import time:       243 |      17150 |               atria_types._data_instance._visualizers._base
import time:       800 |        800 |               atria_types._common
import time:       176 |        176 |               atria_datasets.core.constants
import time:        71 |         71 |                 atria_datasets.core.storage
import time:       103 |        103 |                 atria_datasets.core.utilities
import time:       453 |        626 |               atria_datasets.core.storage.utilities
import time:     17971 |     141223 |             atria_datasets.core.dataset._common
import time:       180 |        180 |                     PIL.ImageColor
import time:       227 |        227 |                         PIL._typing
import time:      1199 |       1199 |                         PIL._imagingft
import time:       687 |       2112 |                       PIL.ImageFont
import time:       183 |       2295 |                     PIL.ImageText
import time:       399 |       2873 |                   PIL.ImageDraw
import time:       122 |       2994 |                 atria_types._utilities._viz
import time:       108 |       3102 |               atria_types._data_instance._visualizers._document
import time:      3250 |       3250 |               atria_types._generic._doc_content
import time:      1163 |       1163 |               atria_types._generic._image
import time:       639 |        639 |                           http
import time:       856 |        856 |                             email.feedparser
import time:       247 |       1103 |                           email.parser
import time:      1022 |       2762 |                         http.client
import time:       818 |       3580 |                       urllib3.exceptions
import time:       313 |        313 |                               urllib3.util.timeout
import time:       270 |        583 |                             urllib3.util.connection
import time:        96 |         96 |                               urllib3.util.util
import time:        77 |         77 |                               brotlicffi
import time:        60 |         60 |                               brotli
import time:        59 |         59 |                               backports
import time:       709 |        999 |                             urllib3.util.request
import time:       171 |        171 |                             urllib3.util.response
import time:       549 |        549 |                             urllib3.util.retry
import time:      9861 |       9861 |                               urllib3.util.url
import time:       298 |        298 |                               urllib3.util.ssltransport
import time:       375 |      10533 |                             urllib3.util.ssl_
import time:       117 |        117 |                             urllib3.util.wait
import time:       349 |      13297 |                           urllib3.util
import time:        21 |      13317 |                         urllib3.util.connection
import time:       640 |      13957 |                       urllib3._base_connection
import time:       606 |        606 |                       urllib3._collections
import time:       105 |        105 |                       urllib3._version
import time:       420 |        420 |                                 _winapi
import time:       379 |        379 |                                 winreg
import time:       287 |       1085 |                               mimetypes
import time:       186 |       1270 |                             urllib3.fields
import time:       237 |       1507 |                           urllib3.filepost
import time:        63 |         63 |                             brotlicffi
import time:        60 |         60 |                             brotli
import time:       156 |        156 |                               urllib3.http2
import time:       164 |        164 |                               urllib3.http2.probe
import time:       124 |        124 |                               urllib3.util.ssl_match_hostname
import time:       795 |       1238 |                             urllib3.connection
import time:        66 |         66 |                             backports
import time:       775 |       2200 |                           urllib3.response
import time:       241 |       3947 |                         urllib3._request_methods
import time:        95 |         95 |                         urllib3.util.proxy
import time:       482 |       4522 |                       urllib3.connectionpool
import time:       704 |        704 |                       urllib3.poolmanager
import time:       401 |      23871 |                     urllib3
import time:      1235 |       1235 |                             charset_normalizer.constant
import time:       309 |        309 |                               charset_normalizer.md__mypyc
import time:        57 |         57 |                                 _multibytecodec
import time:       902 |        959 |                               charset_normalizer.utils
import time:       501 |       1767 |                             charset_normalizer.md
import time:       270 |        270 |                             charset_normalizer.models
import time:       259 |       3529 |                           charset_normalizer.cd
import time:       348 |       3876 |                         charset_normalizer.api
import time:       103 |        103 |                         charset_normalizer.legacy
import time:        84 |         84 |                         charset_normalizer.version
import time:        62 |         62 |                         simplejson
import time:       138 |        138 |                               urllib.response
import time:       190 |        327 |                             urllib.error
import time:      1957 |       2284 |                           urllib.request
import time:      2044 |       4328 |                         http.cookiejar
import time:      1035 |       1035 |                         http.cookies
import time:       543 |      10028 |                       requests.compat
import time:       430 |      10457 |                     requests.exceptions
import time:        68 |         68 |                     chardet
import time:       987 |        987 |                           idna.idnadata
import time:       134 |        134 |                           idna.intranges
import time:       498 |       1618 |                         idna.core
import time:        89 |         89 |                         idna.package_data
import time:       185 |       1892 |                       idna
import time:       431 |       2322 |                     requests.packages
import time:       149 |        149 |                           certifi.core
import time:       155 |        303 |                         certifi
import time:        91 |        394 |                       requests.certs
import time:       141 |        141 |                       requests.__version__
import time:       250 |        250 |                       requests._internal_utils
import time:       359 |        359 |                       requests.cookies
import time:       145 |        145 |                       requests.structures
import time:       162 |        162 |                           importlib.resources._itertools
import time:       253 |        414 |                         importlib.resources.readers
import time:       125 |        539 |                       importlib.readers
import time:       599 |       2424 |                     requests.utils
import time:       172 |        172 |                           requests.auth
import time:       275 |        275 |                               stringprep
import time:       204 |        478 |                             encodings.idna
import time:        88 |         88 |                             requests.hooks
import time:       319 |        319 |                             requests.status_codes
import time:       486 |       1370 |                           requests.models
import time:       112 |        112 |                             urllib3.contrib
import time:       420 |        420 |                             socks
import time:       400 |        931 |                           urllib3.contrib.socks
import time:       337 |       2810 |                         requests.adapters
import time:       210 |       3019 |                       requests.sessions
import time:       130 |       3149 |                     requests.api
import time:       363 |      42652 |                   requests
import time:       101 |      42753 |                 atria_types._utilities._url_fetchers
import time:      1176 |      43928 |               atria_types._generic._ocr
import time:       553 |        553 |               atria_types._generic._pdf
import time:        82 |         82 |                 atria_types._utilities._ocr_processors
import time:       569 |        569 |                           bs4._typing
import time:      3084 |       3084 |                             soupsieve.__meta__
import time:       314 |        314 |                               soupsieve.util
import time:      1167 |       1167 |                                   soupsieve.pretty
import time:       534 |       1701 |                                 soupsieve.css_types
import time:      1912 |       3612 |                               soupsieve.css_match
import time:     33684 |      37609 |                             soupsieve.css_parser
import time:       269 |      40961 |                           soupsieve
import time:       222 |      41751 |                         bs4.css
import time:       157 |        157 |                         bs4._deprecation
import time:        76 |         76 |                             cchardet
import time:        61 |         61 |                             chardet
import time:     18519 |      18655 |                           bs4.dammit
import time:       275 |      18929 |                         bs4.formatter
import time:       180 |        180 |                         bs4._warnings
import time:       245 |        245 |                         bs4.filter
import time:      1678 |      62937 |                       bs4.element
import time:       158 |        158 |                       bs4.exceptions
import time:       253 |        253 |                       bs4.builder._htmlparser
import time:        67 |         67 |                         html5lib
import time:       237 |        303 |                       bs4.builder._html5lib
import time:       122 |        122 |                         lxml
import time:      1577 |       1577 |                           lxml._elementpath
import time:       297 |        297 |                           gzip
import time:        63 |         63 |                           rnc2rng
import time:      4281 |       6216 |                         lxml.etree
import time:       319 |       6656 |                       bs4.builder._lxml
import time:       629 |      70935 |                     bs4.builder
import time:       832 |      71767 |                   bs4
import time:       144 |      71910 |                 atria_types._utilities._ocr_processors._hocr_processor
import time:       189 |      72181 |               atria_types._utilities._ocr_processors._base
import time:       119 |        119 |               atria_datasets.core.dataset._exceptions
import time:       258 |        258 |               atria_datasets.core.dataset._split_iterators
import time:      6354 |     130905 |             atria_datasets.core.dataset._datasets
import time:       107 |        107 |               atria_datasets.core.dataset_splitters
import time:       201 |        308 |             atria_datasets.core.dataset_splitters.standard_splitter
import time:       289 |     272725 |           atria_datasets.core
import time:        20 |     272744 |         atria_datasets.core.dataset
import time:        17 |     272761 |       atria_datasets.core.dataset._common
import time:       468 |     396399 |     atria_datasets.registry.registry_groups
import time:       171 |     396569 |   atria_datasets.registry
import time:       195 |     397301 | atria_datasets
import time:        99 |         99 |   atria_datasets.registry.ser
import time:       772 |        772 |         pytz.exceptions
import time:       207 |        207 |         pytz.lazy
import time:       185 |        185 |         pytz.tzinfo
import time:       136 |        136 |         pytz.tzfile
import time:       777 |       2075 |       pytz
import time:       174 |        174 |         dateutil._version
import time:       214 |        387 |       dateutil
import time:       128 |        128 |         pandas.compat._constants
import time:       213 |        213 |         pandas.compat.compressors
import time:       145 |        145 |             pandas.util
import time:      2055 |       2199 |           pandas.util.version
import time:       281 |       2480 |         pandas.compat.numpy
import time:       222 |        222 |         pandas.compat.pyarrow
import time:       380 |       3421 |       pandas.compat
import time:      2833 |       2833 |           pandas._typing
import time:       122 |        122 |           pandas.util._exceptions
import time:       656 |       3610 |         pandas._config.config
import time:       168 |        168 |         pandas._config.dates
import time:       113 |        113 |         pandas._config.display
import time:       230 |       4120 |       pandas._config
import time:        94 |         94 |         pandas.core
import time:       713 |        807 |       pandas.core.config_init
import time:       306 |        306 |           pandas._libs.pandas_parser
import time:       151 |        151 |           pandas._libs.pandas_datetime
import time:       218 |        218 |                       pandas._libs.tslibs.ccalendar
import time:       288 |        288 |                       pandas._libs.tslibs.np_datetime
import time:       877 |       1383 |                     pandas._libs.tslibs.dtypes
import time:       168 |        168 |                       pandas._libs.tslibs.base
import time:       450 |        450 |                           pandas._libs.tslibs.nattype
import time:       177 |        177 |                               pandas.compat._optional
import time:       803 |        803 |                                   six
import time:        43 |         43 |                                   six.moves
import time:       158 |        158 |                                   dateutil.tz._common
import time:       130 |        130 |                                   dateutil.tz._factories
import time:        16 |         16 |                                     six.moves.winreg
import time:       179 |        195 |                                   dateutil.tz.win
import time:       884 |       2211 |                                 dateutil.tz.tz
import time:       169 |       2380 |                               dateutil.tz
import time:       444 |       3000 |                             pandas._libs.tslibs.timezones
import time:       581 |        581 |                               _strptime
import time:       116 |        116 |                               pandas._config.localization
import time:       439 |       1135 |                             pandas._libs.tslibs.fields
import time:       739 |       4873 |                           pandas._libs.tslibs.timedeltas
import time:       333 |        333 |                           pandas._libs.tslibs.tzconversion
import time:       783 |       6437 |                         pandas._libs.tslibs.timestamps
import time:       206 |        206 |                         pandas._libs.properties
import time:      1649 |       8291 |                       pandas._libs.tslibs.offsets
import time:       100 |        100 |                             dateutil._common
import time:       973 |       1073 |                           dateutil.parser._parser
import time:       207 |        207 |                           dateutil.parser.isoparser
import time:       231 |       1509 |                         dateutil.parser
import time:       637 |        637 |                         pandas._libs.tslibs.strptime
import time:       548 |       2693 |                       pandas._libs.tslibs.parsing
import time:       474 |      11625 |                     pandas._libs.tslibs.conversion
import time:       543 |        543 |                     pandas._libs.tslibs.period
import time:       361 |        361 |                     pandas._libs.tslibs.vectorized
import time:       265 |      14175 |                   pandas._libs.tslibs
import time:        19 |      14194 |                 pandas._libs.tslibs.nattype
import time:       174 |        174 |                 pandas._libs.ops_dispatch
import time:       403 |      14769 |               pandas._libs.missing
import time:      1890 |      16658 |             pandas._libs.hashtable
import time:       953 |        953 |             pandas._libs.algos
import time:       936 |      18546 |           pandas._libs.interval
import time:       190 |      19192 |         pandas._libs
import time:       115 |        115 |           pandas.core.dtypes
import time:       857 |        857 |           pandas._libs.lib
import time:       507 |        507 |           pandas.errors
import time:       350 |        350 |             pandas.core.dtypes.generic
import time:       291 |        640 |           pandas.core.dtypes.base
import time:       163 |        163 |           pandas.core.dtypes.inference
import time:      1391 |       3671 |         pandas.core.dtypes.dtypes
import time:       292 |        292 |           pandas.core.dtypes.common
import time:       340 |        631 |         pandas.core.dtypes.missing
import time:       234 |        234 |           pandas.util._decorators
import time:        97 |         97 |               pandas.io
import time:       207 |        304 |             pandas.io._util
import time:       526 |        830 |           pandas.core.dtypes.cast
import time:       148 |        148 |             pandas.core.dtypes.astype
import time:       224 |        372 |           pandas.core.dtypes.concat
import time:       107 |        107 |             pandas.core.array_algos
import time:       216 |        216 |               pandas.core.common
import time:       256 |        471 |             pandas.core.construction
import time:       372 |        948 |           pandas.core.array_algos.take
import time:       154 |        154 |             pandas.core.indexers.utils
import time:       139 |        293 |           pandas.core.indexers
import time:       615 |       3289 |         pandas.core.algorithms
import time:      5628 |       5628 |                 pyarrow._compute
import time:       130 |        130 |                 pyarrow._compute_docstrings
import time:        86 |         86 |                 pyarrow.vendored
import time:       379 |        379 |                     pkgutil
import time:      1428 |       1807 |                   pydoc
import time:      1166 |       2972 |                 pyarrow.vendored.docscrape
import time:     19932 |      28746 |               pyarrow.compute
import time:       249 |      28995 |             pandas.core.arrays.arrow.accessors
import time:       174 |        174 |               pandas.util._validators
import time:       303 |        303 |               pandas.core.missing
import time:       433 |        433 |                   pandas._libs.ops
import time:       105 |        105 |                   pandas.core.roperator
import time:        96 |         96 |                   pandas.core.computation
import time:       168 |        168 |                     pandas.core.computation.check
import time:       276 |        443 |                   pandas.core.computation.expressions
import time:       100 |        100 |                   pandas.core.ops.missing
import time:        89 |         89 |                   pandas.core.ops.dispatch
import time:        98 |         98 |                   pandas.core.ops.invalid
import time:       410 |       1772 |                 pandas.core.ops.array_ops
import time:       116 |        116 |                 pandas.core.ops.common
import time:       156 |        156 |                 pandas.core.ops.docstrings
import time:       105 |        105 |                 pandas.core.ops.mask_ops
import time:       287 |       2434 |               pandas.core.ops
import time:       323 |        323 |               pandas.core.arraylike
import time:       270 |        270 |               pandas.core.arrays._arrow_string_mixins
import time:       101 |        101 |               pandas.core.arrays._utils
import time:       311 |        311 |                 pandas.compat.numpy.function
import time:       120 |        120 |                 pandas.core.array_algos.quantile
import time:       251 |        251 |                 pandas.core.sorting
import time:       750 |       1430 |               pandas.core.arrays.base
import time:       746 |        746 |                 pandas.core.nanops
import time:       111 |        111 |                 pandas.core.array_algos.masked_accumulations
import time:       116 |        116 |                 pandas.core.array_algos.masked_reductions
import time:       100 |        100 |                   pandas.core.util
import time:       312 |        312 |                   pandas._libs.hashing
import time:       232 |        643 |                 pandas.core.util.hashing
import time:       904 |       2517 |               pandas.core.arrays.masked
import time:       233 |        233 |                 pandas._libs.arrays
import time:       219 |        219 |                   pandas.core.arrays.numeric
import time:       197 |        415 |                 pandas.core.arrays.floating
import time:       217 |        217 |                 pandas.core.arrays.integer
import time:        91 |         91 |                     pandas.core.array_algos.transforms
import time:       457 |        548 |                   pandas.core.arrays._mixins
import time:        94 |         94 |                     pandas.core.strings
import time:       556 |        556 |                     pandas.core.strings.base
import time:       454 |       1103 |                   pandas.core.strings.object_array
import time:       442 |       2092 |                 pandas.core.arrays.numpy_
import time:       133 |        133 |                 pandas.io.formats
import time:        88 |         88 |                   pandas.io.formats.console
import time:       379 |        466 |                 pandas.io.formats.printing
import time:       749 |       4302 |               pandas.core.arrays.string_
import time:       100 |        100 |                 pandas.tseries
import time:       395 |        494 |               pandas.tseries.frequencies
import time:      1802 |      14146 |             pandas.core.arrays.arrow.array
import time:       186 |      43325 |           pandas.core.arrays.arrow
import time:       217 |        217 |           pandas.core.arrays.boolean
import time:       366 |        366 |             pandas.core.accessor
import time:       448 |        448 |             pandas.core.base
import time:       843 |       1656 |           pandas.core.arrays.categorical
import time:       424 |        424 |             pandas._libs.tslib
import time:       105 |        105 |               pandas.core.array_algos.datetimelike_accumulations
import time:      1209 |       1313 |             pandas.core.arrays.datetimelike
import time:       115 |        115 |             pandas.core.arrays._ranges
import time:       106 |        106 |             pandas.tseries.offsets
import time:       770 |       2725 |           pandas.core.arrays.datetimes
import time:       450 |        450 |             pandas.core.arrays.timedeltas
import time:      4291 |       4740 |           pandas.core.arrays.interval
import time:       457 |        457 |           pandas.core.arrays.period
import time:       479 |        479 |                 pandas._libs.sparse
import time:       472 |        951 |               pandas.core.arrays.sparse.array
import time:       261 |       1211 |             pandas.core.arrays.sparse.accessor
import time:       145 |       1356 |           pandas.core.arrays.sparse
import time:       302 |        302 |           pandas.core.arrays.string_arrow
import time:       334 |      55108 |         pandas.core.arrays
import time:       119 |        119 |         pandas.core.flags
import time:       452 |        452 |               pandas._libs.internals
import time:        96 |         96 |                 pandas.core._numba
import time:       226 |        321 |               pandas.core._numba.executor
import time:       626 |       1398 |             pandas.core.apply
import time:       229 |        229 |                   pandas._libs.indexing
import time:        96 |         96 |                     pandas.core.indexes
import time:       810 |        810 |                       pandas._libs.index
import time:       319 |        319 |                       pandas._libs.writers
import time:       496 |        496 |                       pandas._libs.join
import time:       118 |        118 |                       pandas.core.array_algos.putmask
import time:       136 |        136 |                       pandas.core.indexes.frozen
import time:      1976 |       1976 |                       pandas.core.strings.accessor
import time:      1819 |       5671 |                     pandas.core.indexes.base
import time:       245 |        245 |                       pandas.core.indexes.extension
import time:       303 |        548 |                     pandas.core.indexes.category
import time:       685 |        685 |                         pandas.core.indexes.range
import time:       116 |        116 |                           pandas.core.tools
import time:       258 |        373 |                         pandas.core.tools.timedeltas
import time:       628 |       1685 |                       pandas.core.indexes.datetimelike
import time:       122 |        122 |                       pandas.core.tools.times
import time:       916 |       2721 |                     pandas.core.indexes.datetimes
import time:      1453 |       1453 |                       pandas.core.indexes.multi
import time:       212 |        212 |                       pandas.core.indexes.timedeltas
import time:       759 |       2422 |                     pandas.core.indexes.interval
import time:       510 |        510 |                     pandas.core.indexes.period
import time:       437 |      12403 |                   pandas.core.indexes.api
import time:      1139 |      13770 |                 pandas.core.indexing
import time:       152 |        152 |                 pandas.core.sample
import time:       122 |        122 |                 pandas.core.array_algos.replace
import time:       918 |        918 |                     pandas.core.internals.blocks
import time:       192 |       1110 |                   pandas.core.internals.api
import time:       752 |        752 |                     pandas.core.internals.base
import time:       357 |        357 |                       pandas.core.internals.ops
import time:       859 |       1216 |                     pandas.core.internals.managers
import time:       549 |       2515 |                   pandas.core.internals.array_manager
import time:       204 |        204 |                   pandas.core.internals.concat
import time:       278 |       4106 |                 pandas.core.internals
import time:       257 |        257 |                 pandas.core.internals.construction
import time:       107 |        107 |                   pandas.core.methods
import time:       149 |        149 |                     pandas.core.reshape
import time:       297 |        446 |                   pandas.core.reshape.concat
import time:        73 |         73 |                       mmap
import time:        40 |         40 |                         pwd
import time:        41 |         41 |                         grp
import time:      1140 |       1219 |                       tarfile
import time:       100 |        100 |                       pandas.core.shared_docs
import time:      1376 |       2767 |                     pandas.io.common
import time:       828 |       3595 |                   pandas.io.formats.format
import time:       375 |       4520 |                 pandas.core.methods.describe
import time:        96 |         96 |                       pandas._libs.window
import time:       577 |        673 |                     pandas._libs.window.aggregations
import time:       318 |        318 |                       pandas._libs.window.indexers
import time:       381 |        698 |                     pandas.core.indexers.objects
import time:       126 |        126 |                     pandas.core.util.numba_
import time:       131 |        131 |                     pandas.core.window.common
import time:       228 |        228 |                     pandas.core.window.doc
import time:       142 |        142 |                     pandas.core.window.numba_
import time:       115 |        115 |                     pandas.core.window.online
import time:      1703 |       1703 |                     pandas.core.window.rolling
import time:       860 |       4671 |                   pandas.core.window.ewm
import time:       834 |        834 |                   pandas.core.window.expanding
import time:       167 |       5671 |                 pandas.core.window
import time:      6233 |      34828 |               pandas.core.generic
import time:       211 |        211 |               pandas.core.methods.selectn
import time:        89 |         89 |                 pandas.core.reshape.util
import time:       142 |        142 |                 pandas.core.tools.numeric
import time:       352 |        582 |               pandas.core.reshape.melt
import time:       413 |        413 |                 pandas._libs.reshape
import time:       615 |        615 |                 pandas.core.indexes.accessors
import time:       122 |        122 |                   pandas.arrays
import time:       601 |        722 |                 pandas.core.tools.datetimes
import time:       846 |        846 |                 pandas.io.formats.info
import time:       832 |        832 |                   pandas.plotting._core
import time:       162 |        162 |                   pandas.plotting._misc
import time:       199 |       1192 |                 pandas.plotting
import time:      4014 |       7800 |               pandas.core.series
import time:      6898 |      50318 |             pandas.core.frame
import time:       716 |        716 |             pandas.core.groupby.base
import time:       905 |        905 |               pandas._libs.groupby
import time:        99 |         99 |                 pandas.core.groupby.categorical
import time:       456 |        554 |               pandas.core.groupby.grouper
import time:       614 |       2073 |             pandas.core.groupby.ops
import time:       120 |        120 |               pandas.core.groupby.numba_
import time:       244 |        244 |               pandas.core.groupby.indexing
import time:      2167 |       2530 |             pandas.core.groupby.groupby
import time:      1717 |      58748 |           pandas.core.groupby.generic
import time:       142 |      58890 |         pandas.core.groupby
import time:       274 |     141169 |       pandas.core.api
import time:       106 |        106 |       pandas.tseries.api
import time:        97 |         97 |               pandas.core.computation.common
import time:       211 |        307 |             pandas.core.computation.align
import time:       379 |        379 |                 pprint
import time:       266 |        644 |               pandas.core.computation.scope
import time:       337 |        981 |             pandas.core.computation.ops
import time:       186 |       1473 |           pandas.core.computation.engines
import time:       113 |        113 |             pandas.core.computation.parsing
import time:       872 |        985 |           pandas.core.computation.expr
import time:       165 |       2621 |         pandas.core.computation.eval
import time:       114 |       2735 |       pandas.core.computation.api
import time:       158 |        158 |         pandas.core.reshape.encoding
import time:       943 |        943 |         pandas.core.reshape.merge
import time:       629 |        629 |         pandas.core.reshape.pivot
import time:       157 |        157 |         pandas.core.reshape.tile
import time:       249 |       2135 |       pandas.core.reshape.api
import time:       146 |        146 |         pandas.api.extensions
import time:       103 |        103 |         pandas.api.indexers
import time:        77 |         77 |             pandas.core.interchange
import time:       758 |        835 |           pandas.core.interchange.dataframe_protocol
import time:       135 |        135 |             pandas.core.interchange.utils
import time:       213 |        347 |           pandas.core.interchange.from_dataframe
import time:       140 |       1321 |         pandas.api.interchange
import time:        86 |         86 |           pandas.core.dtypes.api
import time:       135 |        220 |         pandas.api.types
import time:      1425 |       1425 |           pandas.core.resample
import time:       243 |        243 |                 pandas._libs.json
import time:       162 |        162 |                 pandas.io.json._normalize
import time:       147 |        147 |                 pandas.io.json._table_schema
import time:       599 |        599 |                       pandas._libs.parsers
import time:       495 |        495 |                         pandas.io.parsers.base_parser
import time:       209 |        704 |                       pandas.io.parsers.arrow_parser_wrapper
import time:       211 |        211 |                       pandas.io.parsers.c_parser_wrapper
import time:       438 |        438 |                       pandas.io.parsers.python_parser
import time:      1761 |       3711 |                     pandas.io.parsers.readers
import time:       128 |       3839 |                   pandas.io.parsers
import time:        20 |       3858 |                 pandas.io.parsers.readers
import time:       810 |       5218 |               pandas.io.json._json
import time:       151 |       5368 |             pandas.io.json
import time:        19 |       5386 |           pandas.io.json._json
import time:      2036 |       2036 |           pandas.io.stata
import time:       195 |       9040 |         pandas.api.typing
import time:       210 |      11038 |       pandas.api
import time:       150 |        150 |             pandas._testing.contexts
import time:       228 |        377 |           pandas._testing._io
import time:       130 |        130 |           pandas._testing._warnings
import time:        72 |         72 |               cmath
import time:     29921 |      29992 |             pandas._libs.testing
import time:       343 |      30334 |           pandas._testing.asserters
import time:       130 |        130 |           pandas._testing.compat
import time:       696 |      31666 |         pandas._testing
import time:       133 |      31798 |       pandas.testing
import time:       153 |        153 |       pandas.util._print_versions
import time:       194 |        194 |         pandas.io.clipboards
import time:       167 |        167 |             pandas.io.excel._util
import time:       295 |        295 |             pandas.io.excel._calamine
import time:       294 |        294 |             pandas.io.excel._odfreader
import time:       389 |        389 |             pandas.io.excel._openpyxl
import time:       196 |        196 |             pandas.io.excel._pyxlsb
import time:       211 |        211 |             pandas.io.excel._xlrd
import time:      1520 |       3071 |           pandas.io.excel._base
import time:       238 |        238 |           pandas.io.excel._odswriter
import time:       186 |        186 |           pandas.io.excel._xlsxwriter
import time:       184 |       3677 |         pandas.io.excel
import time:       198 |        198 |         pandas.io.feather_format
import time:       118 |        118 |         pandas.io.gbq
import time:       843 |        843 |         pandas.io.html
import time:       148 |        148 |         pandas.io.orc
import time:       437 |        437 |         pandas.io.parquet
import time:       224 |        224 |           pandas.compat.pickle_compat
import time:       290 |        514 |         pandas.io.pickle
import time:       377 |        377 |           pandas.core.computation.pytables
import time:      2198 |       2575 |         pandas.io.pytables
import time:       217 |        217 |           pandas.io.sas.sasreader
import time:       142 |        358 |         pandas.io.sas
import time:       102 |        102 |         pandas.io.spss
import time:       749 |        749 |         pandas.io.sql
import time:       673 |        673 |         pandas.io.xml
import time:       496 |      11076 |       pandas.io.api
import time:       119 |        119 |       pandas.util._tester
import time:        94 |         94 |       pandas._version_meson
import time:       498 |     211723 |     pandas
import time:       116 |     211839 |   atria_datasets.registry.ser.utilities
import time:      1345 |     213281 | atria_datasets.registry.ser.funsd
import time:       166 |        166 |   textgen
import time:       339 |        505 | textgen.transforms
